Release 14.7 - xst P.20131013 (nt64)
Copyright (c) 1995-2013 Xilinx, Inc.  All rights reserved.
--> Parameter TMPDIR set to xst/projnav.tmp


Total REAL time to Xst completion: 1.00 secs
Total CPU time to Xst completion: 0.64 secs
 
--> Parameter xsthdpdir set to xst


Total REAL time to Xst completion: 1.00 secs
Total CPU time to Xst completion: 0.64 secs
 
--> Reading design: main.prj

TABLE OF CONTENTS
  1) Synthesis Options Summary
  2) HDL Compilation
  3) Design Hierarchy Analysis
  4) HDL Analysis
  5) HDL Synthesis
     5.1) HDL Synthesis Report
  6) Advanced HDL Synthesis
     6.1) Advanced HDL Synthesis Report
  7) Low Level Synthesis
  8) Partition Report
  9) Final Report

=========================================================================
*                      Synthesis Options Summary                        *
=========================================================================
---- Source Parameters
Input File Name                    : "main.prj"
Input Format                       : mixed
Ignore Synthesis Constraint File   : NO

---- Target Parameters
Output File Name                   : "main"
Output Format                      : NGC
Target Device                      : CoolRunner2 CPLDs

---- Source Options
Top Module Name                    : main
Automatic FSM Extraction           : YES
FSM Encoding Algorithm             : Auto
Safe Implementation                : No
Mux Extraction                     : Yes
Resource Sharing                   : YES

---- Target Options
Add IO Buffers                     : YES
MACRO Preserve                     : YES
XOR Preserve                       : YES
Equivalent register Removal        : YES

---- General Options
Optimization Goal                  : Speed
Optimization Effort                : 1
Keep Hierarchy                     : Yes
Netlist Hierarchy                  : As_Optimized
RTL Output                         : Yes
Hierarchy Separator                : /
Bus Delimiter                      : <>
Case Specifier                     : Maintain
Verilog 2001                       : YES

---- Other Options
Clock Enable                       : YES
wysiwyg                            : NO

=========================================================================


=========================================================================
*                          HDL Compilation                              *
=========================================================================
Compiling verilog file "main.v" in library work
Module <main> compiled
No errors in compilation
Analysis of file <"main.prj"> succeeded.
 

=========================================================================
*                     Design Hierarchy Analysis                         *
=========================================================================
Analyzing hierarchy for module <main> in library <work>.


=========================================================================
*                            HDL Analysis                               *
=========================================================================
Analyzing top module <main>.
WARNING:Xst:863 - "main.v" line 13: Name conflict (<ov> and <OV>, renaming ov as ov_rnm0).
	Enabling task <sumator>.
	Enabling task <sumator>.
	Enabling task <sumator>.
	Enabling task <sumator>.
	Enabling task <sumator>.
	Enabling task <sumator>.
	Enabling task <sumator>.
	Enabling task <sumator>.
	Enabling task <roznica>.
	Enabling task <roznica>.
	Enabling task <roznica>.
	Enabling task <roznica>.
	Enabling task <roznica>.
	Enabling task <roznica>.
	Enabling task <roznica>.
	Enabling task <roznica>.
Module <main> is correct for synthesis.
 

=========================================================================
*                           HDL Synthesis                               *
=========================================================================

Performing bidirectional port resolution...

Synthesizing Unit <main>.
    Related source file is "main.v".
WARNING:Xst:646 - Signal <zw> is assigned but never used. This unconnected signal will be trimmed during the optimization process.
WARNING:Xst:646 - Signal <z2> is assigned but never used. This unconnected signal will be trimmed during the optimization process.
WARNING:Xst:646 - Signal <z1> is assigned but never used. This unconnected signal will be trimmed during the optimization process.
WARNING:Xst:646 - Signal <pw<6:0>> is assigned but never used. This unconnected signal will be trimmed during the optimization process.
    Found 1-bit xor8 for signal <EVEN>.
    Found 8-bit 4-to-1 multiplexer for signal <wynik>.
    Found 1-bit xor3 for signal <wynik_0$xor0000> created at line 25.
    Found 1-bit xor3 for signal <wynik_1$xor0000> created at line 25.
    Found 1-bit xor3 for signal <wynik_2$xor0000> created at line 25.
    Found 1-bit xor3 for signal <wynik_3$xor0000> created at line 25.
    Found 1-bit xor3 for signal <wynik_4$xor0000> created at line 25.
    Found 1-bit xor3 for signal <wynik_5$xor0000> created at line 25.
    Found 1-bit xor3 for signal <wynik_6$xor0000> created at line 25.
    Found 1-bit xor3 for signal <zw$xor0000> created at line 25.
Unit <main> synthesized.


=========================================================================
HDL Synthesis Report

Macro Statistics
# Multiplexers                                         : 8
 1-bit 4-to-1 multiplexer                              : 8
# Xors                                                 : 9
 1-bit xor3                                            : 8
 1-bit xor8                                            : 1

=========================================================================

=========================================================================
*                       Advanced HDL Synthesis                          *
=========================================================================


=========================================================================
Advanced HDL Synthesis Report

Macro Statistics
# Multiplexers                                         : 8
 1-bit 4-to-1 multiplexer                              : 8
# Xors                                                 : 9
 1-bit xor3                                            : 8
 1-bit xor8                                            : 1

=========================================================================

=========================================================================
*                         Low Level Synthesis                           *
=========================================================================

Optimizing unit <main> ...

=========================================================================
*                           Partition Report                            *
=========================================================================

Partition Implementation Status
-------------------------------

  No Partitions were found in this design.

-------------------------------

=========================================================================
*                            Final Report                               *
=========================================================================
Final Results
RTL Top Level Output File Name     : main.ngr
Top Level Output File Name         : main
Output Format                      : NGC
Optimization Goal                  : Speed
Keep Hierarchy                     : Yes
Target Technology                  : CoolRunner2 CPLDs
Macro Preserve                     : YES
XOR Preserve                       : YES
Clock Enable                       : YES
wysiwyg                            : NO

Design Statistics
# IOs                              : 31

Cell Usage :
# BELS                             : 302
#      AND2                        : 96
#      AND3                        : 18
#      AND8                        : 1
#      INV                         : 81
#      OR2                         : 65
#      OR3                         : 9
#      XOR2                        : 32
# IO Buffers                       : 31
#      IBUF                        : 19
#      OBUF                        : 12
=========================================================================


Total REAL time to Xst completion: 14.00 secs
Total CPU time to Xst completion: 14.11 secs
 
--> 

Total memory usage is 4497332 kilobytes

Number of errors   :    0 (   0 filtered)
Number of warnings :    5 (   0 filtered)
Number of infos    :    0 (   0 filtered)

