Release 14.7 - xst P.20131013 (nt64)
Copyright (c) 1995-2013 Xilinx, Inc.  All rights reserved.
--> Parameter TMPDIR set to xst/projnav.tmp


Total REAL time to Xst completion: 0.00 secs
Total CPU time to Xst completion: 0.22 secs
 
--> Parameter xsthdpdir set to xst


Total REAL time to Xst completion: 0.00 secs
Total CPU time to Xst completion: 0.22 secs
 
--> Reading design: licznik.prj

TABLE OF CONTENTS
  1) Synthesis Options Summary
  2) HDL Compilation
  3) Design Hierarchy Analysis
  4) HDL Analysis
  5) HDL Synthesis
     5.1) HDL Synthesis Report
  6) Advanced HDL Synthesis
     6.1) Advanced HDL Synthesis Report
  7) Low Level Synthesis
  8) Partition Report
  9) Final Report

=========================================================================
*                      Synthesis Options Summary                        *
=========================================================================
---- Source Parameters
Input File Name                    : "licznik.prj"
Input Format                       : mixed
Ignore Synthesis Constraint File   : NO

---- Target Parameters
Output File Name                   : "licznik"
Output Format                      : NGC
Target Device                      : CoolRunner2 CPLDs

---- Source Options
Top Module Name                    : licznik
Automatic FSM Extraction           : YES
FSM Encoding Algorithm             : Auto
Safe Implementation                : No
Mux Extraction                     : Yes
Resource Sharing                   : YES

---- Target Options
Add IO Buffers                     : YES
MACRO Preserve                     : YES
XOR Preserve                       : YES
Equivalent register Removal        : YES

---- General Options
Optimization Goal                  : Speed
Optimization Effort                : 1
Keep Hierarchy                     : Yes
Netlist Hierarchy                  : As_Optimized
RTL Output                         : Yes
Hierarchy Separator                : /
Bus Delimiter                      : <>
Case Specifier                     : Maintain
Verilog 2001                       : YES

---- Other Options
Clock Enable                       : YES
wysiwyg                            : NO

=========================================================================


=========================================================================
*                          HDL Compilation                              *
=========================================================================
Compiling vhdl file "C:/students_ulic/mf/proj_vhdl/licznik.vhd" in Library work.
Architecture behavioral of Entity licznik is up to date.

=========================================================================
*                     Design Hierarchy Analysis                         *
=========================================================================
Analyzing hierarchy for entity <licznik> in library <work> (architecture <behavioral>).


=========================================================================
*                            HDL Analysis                               *
=========================================================================
Analyzing Entity <licznik> in library <work> (Architecture <behavioral>).
Entity <licznik> analyzed. Unit <licznik> generated.


=========================================================================
*                           HDL Synthesis                               *
=========================================================================

Performing bidirectional port resolution...

Synthesizing Unit <licznik>.
    Related source file is "C:/students_ulic/mf/proj_vhdl/licznik.vhd".
    Found 4-bit up counter for signal <liczba1>.
    Found 4-bit up counter for signal <liczba2>.
    Found 4-bit up counter for signal <liczba3>.
    Found 4-bit up counter for signal <liczba4>.
    Summary:
	inferred   4 Counter(s).
Unit <licznik> synthesized.


=========================================================================
HDL Synthesis Report

Macro Statistics
# Counters                                             : 4
 4-bit up counter                                      : 4

=========================================================================

=========================================================================
*                       Advanced HDL Synthesis                          *
=========================================================================


=========================================================================
Advanced HDL Synthesis Report

Macro Statistics
# Counters                                             : 4
 4-bit up counter                                      : 4

=========================================================================

=========================================================================
*                         Low Level Synthesis                           *
=========================================================================

Optimizing unit <licznik> ...
  implementation constraint: INIT=r	 : liczba2_3
  implementation constraint: INIT=r	 : liczba2_2
  implementation constraint: INIT=r	 : liczba2_1
  implementation constraint: INIT=r	 : liczba2_0
  implementation constraint: INIT=r	 : liczba1_3
  implementation constraint: INIT=r	 : liczba3_3
  implementation constraint: INIT=r	 : liczba3_2
  implementation constraint: INIT=r	 : liczba3_1
  implementation constraint: INIT=r	 : liczba3_0
  implementation constraint: INIT=r	 : liczba1_2
  implementation constraint: INIT=r	 : liczba4_3
  implementation constraint: INIT=r	 : liczba4_2
  implementation constraint: INIT=r	 : liczba4_1
  implementation constraint: INIT=r	 : liczba4_0
  implementation constraint: INIT=r	 : liczba1_1
  implementation constraint: INIT=r	 : liczba1_0

=========================================================================
*                           Partition Report                            *
=========================================================================

Partition Implementation Status
-------------------------------

  No Partitions were found in this design.

-------------------------------

=========================================================================
*                            Final Report                               *
=========================================================================
Final Results
RTL Top Level Output File Name     : licznik.ngr
Top Level Output File Name         : licznik
Output Format                      : NGC
Optimization Goal                  : Speed
Keep Hierarchy                     : Yes
Target Technology                  : CoolRunner2 CPLDs
Macro Preserve                     : YES
XOR Preserve                       : YES
Clock Enable                       : YES
wysiwyg                            : NO

Design Statistics
# IOs                              : 19

Cell Usage :
# BELS                             : 80
#      AND2                        : 37
#      AND3                        : 1
#      AND4                        : 1
#      INV                         : 29
#      XOR2                        : 12
# FlipFlops/Latches                : 16
#      FDCE                        : 16
# IO Buffers                       : 19
#      IBUF                        : 3
#      OBUF                        : 16
=========================================================================


Total REAL time to Xst completion: 13.00 secs
Total CPU time to Xst completion: 13.38 secs
 
--> 

Total memory usage is 4497312 kilobytes

Number of errors   :    0 (   0 filtered)
Number of warnings :    0 (   0 filtered)
Number of infos    :    0 (   0 filtered)

